[2026-01-05 21:29:15,234] [ERROR] UniLectin metadata fetch failed: 404 Client Error: NOT FOUND for url: https://unilectin.unige.ch/api/lectin?getcolumns=lectin_id%2Cprotein_name%2Cligand%2Ciupac%2Cglytoucan_id%2Cuniprot%2Cfamily%2Corganism%2Ckd_value%2Cmethod&limit=-1&organism=Mammalian
[2026-01-05 21:29:15,772] [ERROR] UniLectin metadata fetch failed: 404 Client Error: NOT FOUND for url: https://unilectin.unige.ch/api/lectin?getcolumns=lectin_id%2Cprotein_name%2Cligand%2Ciupac%2Cglytoucan_id%2Cuniprot%2Cfamily%2Corganism%2Ckd_value%2Cmethod&limit=-1&organism=Mammalian
[2026-01-05 21:57:59,749] [WARNING] Retrying UniLectin without filters due to 404
[2026-01-05 21:57:59,988] [ERROR] UniLectin metadata fetch failed (https://unilectin.unige.ch/api/lectin): 404 Client Error: NOT FOUND for url: https://unilectin.unige.ch/api/lectin?getcolumns=lectin_id%2Cprotein_name%2Cligand%2Ciupac%2Cglytoucan_id%2Cuniprot%2Cfamily%2Corganism%2Ckd_value%2Cmethod&limit=-1
[2026-01-05 21:58:00,224] [WARNING] Retrying UniLectin without filters due to 404
[2026-01-05 21:58:00,458] [ERROR] UniLectin metadata fetch failed (https://unilectin.unige.ch/api/lectin/): 404 Client Error: NOT FOUND for url: https://unilectin.unige.ch/api/lectin/?getcolumns=lectin_id%2Cprotein_name%2Cligand%2Ciupac%2Cglytoucan_id%2Cuniprot%2Cfamily%2Corganism%2Ckd_value%2Cmethod&limit=-1
[2026-01-05 21:58:00,695] [WARNING] Retrying UniLectin without filters due to 404
[2026-01-05 21:58:00,934] [ERROR] UniLectin metadata fetch failed (https://unilectin.unige.ch/api/lectins): 404 Client Error: NOT FOUND for url: https://unilectin.unige.ch/api/lectins?getcolumns=lectin_id%2Cprotein_name%2Cligand%2Ciupac%2Cglytoucan_id%2Cuniprot%2Cfamily%2Corganism%2Ckd_value%2Cmethod&limit=-1
[2026-01-05 21:58:01,170] [WARNING] Retrying UniLectin without filters due to 404
[2026-01-05 21:58:01,399] [ERROR] UniLectin metadata fetch failed (https://unilectin.unige.ch/api/lectins/): 404 Client Error: NOT FOUND for url: https://unilectin.unige.ch/api/lectins/?getcolumns=lectin_id%2Cprotein_name%2Cligand%2Ciupac%2Cglytoucan_id%2Cuniprot%2Cfamily%2Corganism%2Ckd_value%2Cmethod&limit=-1
[2026-01-05 22:09:48,832] [WARNING] Retrying UniLectin without filters due to 404
[2026-01-05 22:09:49,075] [ERROR] UniLectin metadata fetch failed (https://unilectin.unige.ch/api/lectin): 404 Client Error: NOT FOUND for url: https://unilectin.unige.ch/api/lectin?getcolumns=lectin_id%2Cprotein_name%2Cligand%2Ciupac%2Cglytoucan_id%2Cuniprot%2Cfamily%2Corganism%2Ckd_value%2Cmethod&limit=-1
[2026-01-05 22:09:49,314] [WARNING] Retrying UniLectin without filters due to 404
[2026-01-05 22:09:49,552] [ERROR] UniLectin metadata fetch failed (https://unilectin.unige.ch/api/lectin/): 404 Client Error: NOT FOUND for url: https://unilectin.unige.ch/api/lectin/?getcolumns=lectin_id%2Cprotein_name%2Cligand%2Ciupac%2Cglytoucan_id%2Cuniprot%2Cfamily%2Corganism%2Ckd_value%2Cmethod&limit=-1
[2026-01-05 22:09:49,791] [WARNING] Retrying UniLectin without filters due to 404
[2026-01-05 22:09:50,039] [ERROR] UniLectin metadata fetch failed (https://unilectin.unige.ch/api/lectins): 404 Client Error: NOT FOUND for url: https://unilectin.unige.ch/api/lectins?getcolumns=lectin_id%2Cprotein_name%2Cligand%2Ciupac%2Cglytoucan_id%2Cuniprot%2Cfamily%2Corganism%2Ckd_value%2Cmethod&limit=-1
[2026-01-05 22:09:50,274] [WARNING] Retrying UniLectin without filters due to 404
[2026-01-05 22:09:50,517] [ERROR] UniLectin metadata fetch failed (https://unilectin.unige.ch/api/lectins/): 404 Client Error: NOT FOUND for url: https://unilectin.unige.ch/api/lectins/?getcolumns=lectin_id%2Cprotein_name%2Cligand%2Ciupac%2Cglytoucan_id%2Cuniprot%2Cfamily%2Corganism%2Ckd_value%2Cmethod&limit=-1
[2026-01-05 22:09:56,289] [WARNING] Retrying UniLectin without filters due to 404
[2026-01-05 22:09:56,524] [ERROR] UniLectin metadata fetch failed (https://unilectin.unige.ch/api/lectin): 404 Client Error: NOT FOUND for url: https://unilectin.unige.ch/api/lectin?getcolumns=lectin_id%2Cprotein_name%2Cligand%2Ciupac%2Cglytoucan_id%2Cuniprot%2Cfamily%2Corganism%2Ckd_value%2Cmethod&limit=-1
[2026-01-05 22:09:56,759] [WARNING] Retrying UniLectin without filters due to 404
[2026-01-05 22:09:56,999] [ERROR] UniLectin metadata fetch failed (https://unilectin.unige.ch/api/lectin/): 404 Client Error: NOT FOUND for url: https://unilectin.unige.ch/api/lectin/?getcolumns=lectin_id%2Cprotein_name%2Cligand%2Ciupac%2Cglytoucan_id%2Cuniprot%2Cfamily%2Corganism%2Ckd_value%2Cmethod&limit=-1
[2026-01-05 22:09:57,249] [WARNING] Retrying UniLectin without filters due to 404
[2026-01-05 22:09:57,485] [ERROR] UniLectin metadata fetch failed (https://unilectin.unige.ch/api/lectins): 404 Client Error: NOT FOUND for url: https://unilectin.unige.ch/api/lectins?getcolumns=lectin_id%2Cprotein_name%2Cligand%2Ciupac%2Cglytoucan_id%2Cuniprot%2Cfamily%2Corganism%2Ckd_value%2Cmethod&limit=-1
[2026-01-05 22:09:57,719] [WARNING] Retrying UniLectin without filters due to 404
[2026-01-05 22:09:57,959] [ERROR] UniLectin metadata fetch failed (https://unilectin.unige.ch/api/lectins/): 404 Client Error: NOT FOUND for url: https://unilectin.unige.ch/api/lectins/?getcolumns=lectin_id%2Cprotein_name%2Cligand%2Ciupac%2Cglytoucan_id%2Cuniprot%2Cfamily%2Corganism%2Ckd_value%2Cmethod&limit=-1
[2026-01-05 22:26:58,500] [INFO] Fetched 2814 UniLectin records
[2026-01-05 22:33:10,502] [INFO] Loaded UniLectin metadata from cache
[2026-01-05 22:33:55,893] [INFO] Loaded UniLectin metadata from cache
[2026-01-05 22:34:11,695] [INFO] Loaded UniLectin metadata from cache
[2026-01-05 22:34:12,089] [WARNING] Invalid or missing SMILES for 
[2026-01-05 22:34:12,089] [WARNING] Skipping 721 due to invalid SMILES
[2026-01-05 22:34:12,097] [WARNING] Invalid or missing SMILES for 
[2026-01-05 22:34:12,097] [WARNING] Skipping 729 due to invalid SMILES
[2026-01-05 22:34:12,104] [WARNING] Invalid or missing SMILES for 
[2026-01-05 22:34:12,104] [WARNING] Skipping 730 due to invalid SMILES
[2026-01-05 22:34:13,261] [WARNING] Invalid or missing SMILES for G79475GW
[2026-01-05 22:34:13,261] [WARNING] Skipping 1013 due to invalid SMILES
[2026-01-05 22:34:13,900] [WARNING] Invalid or missing SMILES for G81533KY
[2026-01-05 22:34:13,901] [WARNING] Skipping 1048 due to invalid SMILES
[2026-01-05 22:34:14,540] [WARNING] Invalid or missing SMILES for G41759HA
[2026-01-05 22:34:14,541] [WARNING] Skipping 1068 due to invalid SMILES
[2026-01-05 22:34:15,500] [WARNING] Invalid or missing SMILES for G69893KP
[2026-01-05 22:34:15,501] [WARNING] Skipping 1268 due to invalid SMILES
[2026-01-05 22:34:15,512] [WARNING] Invalid or missing SMILES for 
[2026-01-05 22:34:15,513] [WARNING] Skipping 1269 due to invalid SMILES
[2026-01-05 22:34:16,140] [WARNING] Invalid or missing SMILES for G56516VH
[2026-01-05 22:34:16,141] [WARNING] Skipping 1270 due to invalid SMILES
[2026-01-05 22:34:16,472] [WARNING] Invalid or missing SMILES for 
[2026-01-05 22:34:16,472] [WARNING] Skipping 3702 due to invalid SMILES
[2026-01-05 22:34:17,100] [WARNING] Invalid or missing SMILES for G90387AM
[2026-01-05 22:34:17,101] [WARNING] Skipping 3703 due to invalid SMILES
[2026-01-05 22:34:17,904] [WARNING] Invalid or missing SMILES for G77824XV
[2026-01-05 22:34:17,905] [WARNING] Skipping 3720 due to invalid SMILES
[2026-01-05 22:34:18,541] [WARNING] Invalid or missing SMILES for G44345UH
[2026-01-05 22:34:18,542] [WARNING] Skipping 3721 due to invalid SMILES
[2026-01-05 22:34:18,871] [WARNING] Invalid or missing SMILES for 
[2026-01-05 22:34:18,871] [WARNING] Skipping 3722 due to invalid SMILES
[2026-01-05 22:34:19,501] [WARNING] Invalid or missing SMILES for G08371CD
[2026-01-05 22:34:19,501] [WARNING] Skipping 3723 due to invalid SMILES
[2026-01-05 22:34:19,513] [WARNING] Invalid or missing SMILES for 
[2026-01-05 22:34:19,513] [WARNING] Skipping 3724 due to invalid SMILES
[2026-01-05 22:34:19,821] [WARNING] Invalid or missing SMILES for 
[2026-01-05 22:34:19,822] [WARNING] Skipping 3725 due to invalid SMILES
[2026-01-05 22:34:20,461] [WARNING] Invalid or missing SMILES for G81533KY
[2026-01-05 22:34:20,461] [WARNING] Skipping 3726 due to invalid SMILES
[2026-01-05 22:34:20,964] [WARNING] Invalid or missing SMILES for G18185ZH
[2026-01-05 22:34:20,964] [WARNING] Skipping 3729 due to invalid SMILES
[2026-01-05 22:34:21,581] [WARNING] Invalid or missing SMILES for G81533KY
[2026-01-05 22:34:21,581] [WARNING] Skipping 3730 due to invalid SMILES
[2026-01-05 22:34:21,590] [WARNING] Invalid or missing SMILES for 
[2026-01-05 22:34:21,591] [WARNING] Skipping 4213 due to invalid SMILES
[2026-01-05 22:34:22,220] [WARNING] Invalid or missing SMILES for G69893KP
[2026-01-05 22:34:22,221] [WARNING] Skipping 4214 due to invalid SMILES
[2026-01-05 22:34:22,860] [WARNING] Invalid or missing SMILES for G69893KP
[2026-01-05 22:34:22,861] [WARNING] Skipping 4215 due to invalid SMILES
[2026-01-05 22:34:22,871] [WARNING] Invalid or missing SMILES for 
[2026-01-05 22:34:22,871] [WARNING] Skipping 4216 due to invalid SMILES
[2026-01-05 22:34:23,358] [WARNING] Invalid or missing SMILES for G69893KP
[2026-01-05 22:34:23,359] [WARNING] Skipping 4217 due to invalid SMILES
[2026-01-05 22:34:24,163] [WARNING] Invalid or missing SMILES for G69893KP
[2026-01-05 22:34:24,163] [WARNING] Skipping 4218 due to invalid SMILES
[2026-01-05 22:34:24,173] [WARNING] Invalid or missing SMILES for 
[2026-01-05 22:34:24,173] [WARNING] Skipping 4219 due to invalid SMILES
[2026-01-05 22:34:24,181] [WARNING] Invalid or missing SMILES for 
[2026-01-05 22:34:24,181] [WARNING] Skipping 4521 due to invalid SMILES
[2026-01-05 22:34:24,781] [WARNING] Invalid or missing SMILES for G10203DW
[2026-01-05 22:34:24,781] [WARNING] Skipping 4522 due to invalid SMILES
[2026-01-05 22:34:25,107] [WARNING] Invalid or missing SMILES for 
[2026-01-05 22:34:25,108] [WARNING] Skipping 4564 due to invalid SMILES
[2026-01-05 22:34:25,116] [WARNING] Invalid or missing SMILES for 
[2026-01-05 22:34:25,116] [WARNING] Skipping 4891 due to invalid SMILES
[2026-01-05 22:34:25,740] [WARNING] Invalid or missing SMILES for G81533KY
[2026-01-05 22:34:25,741] [WARNING] Skipping 4892 due to invalid SMILES
[2026-01-05 22:40:52,434] [INFO] Loaded UniLectin metadata from cache
[2026-01-05 22:40:52,447] [WARNING] Invalid or missing SMILES for 
[2026-01-05 22:40:52,448] [WARNING] Skipping 721 due to invalid SMILES
[2026-01-05 22:40:52,456] [WARNING] Invalid or missing SMILES for 
[2026-01-05 22:40:52,456] [WARNING] Skipping 729 due to invalid SMILES
[2026-01-05 22:40:52,462] [WARNING] Invalid or missing SMILES for 
[2026-01-05 22:40:52,463] [WARNING] Skipping 730 due to invalid SMILES
[2026-01-05 22:40:53,420] [WARNING] Invalid or missing SMILES for G79475GW
[2026-01-05 22:40:53,421] [WARNING] Skipping 1013 due to invalid SMILES
[2026-01-05 22:40:54,065] [WARNING] Invalid or missing SMILES for G81533KY
[2026-01-05 22:40:54,066] [WARNING] Skipping 1048 due to invalid SMILES
[2026-01-05 22:40:54,702] [WARNING] Invalid or missing SMILES for G41759HA
[2026-01-05 22:40:54,702] [WARNING] Skipping 1068 due to invalid SMILES
[2026-01-05 22:40:55,198] [WARNING] Invalid or missing SMILES for G69893KP
[2026-01-05 22:40:55,199] [WARNING] Skipping 1268 due to invalid SMILES
[2026-01-05 22:40:55,212] [WARNING] Invalid or missing SMILES for 
[2026-01-05 22:40:55,212] [WARNING] Skipping 1269 due to invalid SMILES
[2026-01-05 22:40:55,699] [WARNING] Invalid or missing SMILES for G56516VH
[2026-01-05 22:40:55,699] [WARNING] Skipping 1270 due to invalid SMILES
[2026-01-05 22:40:55,709] [WARNING] Invalid or missing SMILES for 
[2026-01-05 22:40:55,710] [WARNING] Skipping 3702 due to invalid SMILES
[2026-01-05 22:40:56,199] [WARNING] Invalid or missing SMILES for G90387AM
[2026-01-05 22:40:56,199] [WARNING] Skipping 3703 due to invalid SMILES
[2026-01-05 22:40:56,775] [WARNING] Invalid or missing SMILES for G77824XV
[2026-01-05 22:40:56,776] [WARNING] Skipping 3720 due to invalid SMILES
[2026-01-05 22:40:57,368] [WARNING] Invalid or missing SMILES for G44345UH
[2026-01-05 22:40:57,369] [WARNING] Skipping 3721 due to invalid SMILES
[2026-01-05 22:40:57,380] [WARNING] Invalid or missing SMILES for 
[2026-01-05 22:40:57,380] [WARNING] Skipping 3722 due to invalid SMILES
[2026-01-05 22:40:57,864] [WARNING] Invalid or missing SMILES for G08371CD
[2026-01-05 22:40:57,864] [WARNING] Skipping 3723 due to invalid SMILES
[2026-01-05 22:40:57,877] [WARNING] Invalid or missing SMILES for 
[2026-01-05 22:40:57,878] [WARNING] Skipping 3724 due to invalid SMILES
[2026-01-05 22:40:57,887] [WARNING] Invalid or missing SMILES for 
[2026-01-05 22:40:57,887] [WARNING] Skipping 3725 due to invalid SMILES
[2026-01-05 22:40:58,381] [WARNING] Invalid or missing SMILES for G81533KY
[2026-01-05 22:40:58,381] [WARNING] Skipping 3726 due to invalid SMILES
[2026-01-05 22:40:58,959] [WARNING] Invalid or missing SMILES for G18185ZH
[2026-01-05 22:40:58,960] [WARNING] Skipping 3729 due to invalid SMILES
[2026-01-05 22:40:59,468] [WARNING] Invalid or missing SMILES for G81533KY
[2026-01-05 22:40:59,469] [WARNING] Skipping 3730 due to invalid SMILES
[2026-01-05 22:40:59,482] [WARNING] Invalid or missing SMILES for 
[2026-01-05 22:40:59,483] [WARNING] Skipping 4213 due to invalid SMILES
[2026-01-05 22:40:59,959] [WARNING] Invalid or missing SMILES for G69893KP
[2026-01-05 22:40:59,960] [WARNING] Skipping 4214 due to invalid SMILES
[2026-01-05 22:41:00,458] [WARNING] Invalid or missing SMILES for G69893KP
[2026-01-05 22:41:00,459] [WARNING] Skipping 4215 due to invalid SMILES
[2026-01-05 22:41:00,472] [WARNING] Invalid or missing SMILES for 
[2026-01-05 22:41:00,472] [WARNING] Skipping 4216 due to invalid SMILES
[2026-01-05 22:41:00,989] [WARNING] Invalid or missing SMILES for G69893KP
[2026-01-05 22:41:00,990] [WARNING] Skipping 4217 due to invalid SMILES
[2026-01-05 22:41:01,489] [WARNING] Invalid or missing SMILES for G69893KP
[2026-01-05 22:41:01,490] [WARNING] Skipping 4218 due to invalid SMILES
[2026-01-05 22:41:01,504] [WARNING] Invalid or missing SMILES for 
[2026-01-05 22:41:01,504] [WARNING] Skipping 4219 due to invalid SMILES
[2026-01-05 22:41:01,512] [WARNING] Invalid or missing SMILES for 
[2026-01-05 22:41:01,513] [WARNING] Skipping 4521 due to invalid SMILES
[2026-01-05 22:41:01,999] [WARNING] Invalid or missing SMILES for G10203DW
[2026-01-05 22:41:02,000] [WARNING] Skipping 4522 due to invalid SMILES
[2026-01-05 22:41:02,013] [WARNING] Invalid or missing SMILES for 
[2026-01-05 22:41:02,014] [WARNING] Skipping 4564 due to invalid SMILES
[2026-01-05 22:41:02,025] [WARNING] Invalid or missing SMILES for 
[2026-01-05 22:41:02,025] [WARNING] Skipping 4891 due to invalid SMILES
[2026-01-05 22:41:02,546] [WARNING] Invalid or missing SMILES for G81533KY
[2026-01-05 22:41:02,553] [WARNING] Skipping 4892 due to invalid SMILES
[2026-01-05 22:46:04,184] [INFO] Loaded UniLectin metadata from cache
[2026-01-05 22:46:04,195] [WARNING] Invalid or missing SMILES for 
[2026-01-05 22:46:04,196] [WARNING] Skipping 721 due to invalid SMILES
[2026-01-05 22:46:04,203] [WARNING] Invalid or missing SMILES for 
[2026-01-05 22:46:04,203] [WARNING] Skipping 729 due to invalid SMILES
[2026-01-05 22:46:04,209] [WARNING] Invalid or missing SMILES for 
[2026-01-05 22:46:04,209] [WARNING] Skipping 730 due to invalid SMILES
[2026-01-05 22:46:05,230] [WARNING] Using IUPAC fallback for G79475GW
[2026-01-05 22:46:05,231] [INFO] Pair 1013 (Siglec-7) → medium RFU 5000
[2026-01-05 22:46:05,734] [WARNING] Using IUPAC fallback for G81533KY
[2026-01-05 22:46:05,734] [INFO] Pair 1048 (Siglec-7) → medium RFU 5000
[2026-01-05 22:46:06,250] [WARNING] Using IUPAC fallback for G41759HA
[2026-01-05 22:46:06,251] [INFO] Pair 1068 (Siglec-7) → medium RFU 5000
[2026-01-05 22:46:06,764] [WARNING] Using IUPAC fallback for G69893KP
[2026-01-05 22:46:06,764] [INFO] Pair 1268 (Siglec-5) → medium RFU 5000
[2026-01-05 22:46:06,970] [WARNING] Invalid or missing SMILES for 
[2026-01-05 22:46:06,971] [WARNING] Skipping 1269 due to invalid SMILES
[2026-01-05 22:46:07,284] [WARNING] Using IUPAC fallback for G56516VH
[2026-01-05 22:46:07,285] [INFO] Pair 1270 (Siglec-5) → medium RFU 5000
[2026-01-05 22:46:07,491] [WARNING] Invalid or missing SMILES for 
[2026-01-05 22:46:07,491] [WARNING] Skipping 3702 due to invalid SMILES
[2026-01-05 22:46:07,812] [WARNING] Using IUPAC fallback for G90387AM
[2026-01-05 22:46:07,813] [INFO] Pair 3703 (Siglec-8) → medium RFU 5000
[2026-01-05 22:46:08,333] [WARNING] Using IUPAC fallback for G77824XV
[2026-01-05 22:46:08,334] [INFO] Pair 3720 (Siglec-3 CD33 ) → medium RFU 5000
[2026-01-05 22:46:08,842] [WARNING] Using IUPAC fallback for G44345UH
[2026-01-05 22:46:08,843] [INFO] Pair 3721 (Siglec-3 CD33 ) → medium RFU 5000
[2026-01-05 22:46:09,048] [WARNING] Invalid or missing SMILES for 
[2026-01-05 22:46:09,048] [WARNING] Skipping 3722 due to invalid SMILES
[2026-01-05 22:46:09,383] [WARNING] Using IUPAC fallback for G08371CD
[2026-01-05 22:46:09,384] [INFO] Pair 3723 (Siglec-like PILR) → medium RFU 5000
[2026-01-05 22:46:09,588] [WARNING] Invalid or missing SMILES for 
[2026-01-05 22:46:09,588] [WARNING] Skipping 3724 due to invalid SMILES
[2026-01-05 22:46:09,594] [WARNING] Invalid or missing SMILES for 
[2026-01-05 22:46:09,594] [WARNING] Skipping 3725 due to invalid SMILES
[2026-01-05 22:46:09,602] [INFO] Pair 3726 (Siglec-like PILR) → medium RFU 5000
[2026-01-05 22:46:09,921] [WARNING] Using IUPAC fallback for G18185ZH
[2026-01-05 22:46:09,921] [INFO] Pair 3729 (Siglec-like PILR) → medium RFU 5000
[2026-01-05 22:46:10,130] [INFO] Pair 3730 (Siglec-like PILR) → medium RFU 5000
[2026-01-05 22:46:10,137] [WARNING] Invalid or missing SMILES for 
[2026-01-05 22:46:10,137] [WARNING] Skipping 4213 due to invalid SMILES
[2026-01-05 22:46:10,149] [INFO] Pair 4214 (Siglec-3 CD33 ) → medium RFU 5000
[2026-01-05 22:46:10,159] [INFO] Pair 4215 (Siglec-3 CD33 ) → medium RFU 5000
[2026-01-05 22:46:10,164] [WARNING] Invalid or missing SMILES for 
[2026-01-05 22:46:10,164] [WARNING] Skipping 4216 due to invalid SMILES
[2026-01-05 22:46:10,172] [INFO] Pair 4217 (Siglec-3 CD33 ) → medium RFU 5000
[2026-01-05 22:46:10,185] [INFO] Pair 4218 (Siglec-2 CD22) → medium RFU 5000
[2026-01-05 22:46:10,194] [WARNING] Invalid or missing SMILES for 
[2026-01-05 22:46:10,194] [WARNING] Skipping 4219 due to invalid SMILES
[2026-01-05 22:46:10,200] [WARNING] Invalid or missing SMILES for 
[2026-01-05 22:46:10,200] [WARNING] Skipping 4521 due to invalid SMILES
[2026-01-05 22:46:10,514] [WARNING] Using IUPAC fallback for G10203DW
[2026-01-05 22:46:10,515] [INFO] Pair 4522 (Siglec-8) → medium RFU 5000
[2026-01-05 22:46:10,719] [WARNING] Invalid or missing SMILES for 
[2026-01-05 22:46:10,719] [WARNING] Skipping 4564 due to invalid SMILES
[2026-01-05 22:46:10,726] [WARNING] Invalid or missing SMILES for 
[2026-01-05 22:46:10,727] [WARNING] Skipping 4891 due to invalid SMILES
[2026-01-05 22:46:10,735] [INFO] Pair 4892 (Siglec-2 CD22) → medium RFU 5000
[2026-01-05 22:52:15,291] [INFO] Loaded UniLectin metadata from cache
[2026-01-05 22:52:15,334] [WARNING] Invalid or missing SMILES for 
[2026-01-05 22:52:15,334] [WARNING] Skipping 721 due to invalid SMILES
[2026-01-05 22:52:15,348] [WARNING] Invalid or missing SMILES for 
[2026-01-05 22:52:15,348] [WARNING] Skipping 729 due to invalid SMILES
[2026-01-05 22:52:15,356] [WARNING] Invalid or missing SMILES for 
[2026-01-05 22:52:15,357] [WARNING] Skipping 730 due to invalid SMILES
[2026-01-05 22:52:15,373] [WARNING] Skipping 1013 due to invalid SMILES
[2026-01-05 22:52:15,384] [WARNING] Skipping 1048 due to invalid SMILES
[2026-01-05 22:52:15,395] [WARNING] Skipping 1068 due to invalid SMILES
[2026-01-05 22:52:15,405] [WARNING] Skipping 1268 due to invalid SMILES
[2026-01-05 22:52:15,414] [WARNING] Invalid or missing SMILES for 
[2026-01-05 22:52:15,414] [WARNING] Skipping 1269 due to invalid SMILES
[2026-01-05 22:52:15,426] [WARNING] Skipping 1270 due to invalid SMILES
[2026-01-05 22:52:15,435] [WARNING] Invalid or missing SMILES for 
[2026-01-05 22:52:15,436] [WARNING] Skipping 3702 due to invalid SMILES
[2026-01-05 22:52:15,448] [WARNING] Skipping 3703 due to invalid SMILES
[2026-01-05 22:52:15,464] [WARNING] Skipping 3720 due to invalid SMILES
[2026-01-05 22:52:15,474] [WARNING] Skipping 3721 due to invalid SMILES
[2026-01-05 22:52:15,483] [WARNING] Invalid or missing SMILES for 
[2026-01-05 22:52:15,484] [WARNING] Skipping 3722 due to invalid SMILES
[2026-01-05 22:52:15,496] [WARNING] Skipping 3723 due to invalid SMILES
[2026-01-05 22:52:15,506] [WARNING] Invalid or missing SMILES for 
[2026-01-05 22:52:15,506] [WARNING] Skipping 3724 due to invalid SMILES
[2026-01-05 22:52:15,513] [WARNING] Invalid or missing SMILES for 
[2026-01-05 22:52:15,513] [WARNING] Skipping 3725 due to invalid SMILES
[2026-01-05 22:52:15,525] [WARNING] Skipping 3726 due to invalid SMILES
[2026-01-05 22:52:15,535] [WARNING] Skipping 3729 due to invalid SMILES
[2026-01-05 22:52:15,544] [WARNING] Skipping 3730 due to invalid SMILES
[2026-01-05 22:52:15,550] [WARNING] Invalid or missing SMILES for 
[2026-01-05 22:52:15,550] [WARNING] Skipping 4213 due to invalid SMILES
[2026-01-05 22:52:15,558] [WARNING] Skipping 4214 due to invalid SMILES
[2026-01-05 22:52:15,567] [WARNING] Skipping 4215 due to invalid SMILES
[2026-01-05 22:52:15,605] [WARNING] Invalid or missing SMILES for 
[2026-01-05 22:52:15,605] [WARNING] Skipping 4216 due to invalid SMILES
[2026-01-05 22:52:15,614] [WARNING] Skipping 4217 due to invalid SMILES
[2026-01-05 22:52:15,630] [WARNING] Skipping 4218 due to invalid SMILES
[2026-01-05 22:52:15,636] [WARNING] Invalid or missing SMILES for 
[2026-01-05 22:52:15,636] [WARNING] Skipping 4219 due to invalid SMILES
[2026-01-05 22:52:15,642] [WARNING] Invalid or missing SMILES for 
[2026-01-05 22:52:15,642] [WARNING] Skipping 4521 due to invalid SMILES
[2026-01-05 22:52:15,651] [WARNING] Skipping 4522 due to invalid SMILES
[2026-01-05 22:52:15,657] [WARNING] Invalid or missing SMILES for 
[2026-01-05 22:52:15,657] [WARNING] Skipping 4564 due to invalid SMILES
[2026-01-05 22:52:15,663] [WARNING] Invalid or missing SMILES for 
[2026-01-05 22:52:15,663] [WARNING] Skipping 4891 due to invalid SMILES
[2026-01-05 22:52:15,672] [WARNING] Skipping 4892 due to invalid SMILES
[2026-01-05 23:07:49,604] [INFO] Loaded UniLectin metadata from cache
[2026-01-05 23:07:49,614] [WARNING] Invalid or missing SMILES for 
[2026-01-05 23:07:49,614] [WARNING] Skipping 721 due to invalid SMILES
[2026-01-05 23:07:49,621] [WARNING] Invalid or missing SMILES for 
[2026-01-05 23:07:49,621] [WARNING] Skipping 729 due to invalid SMILES
[2026-01-05 23:07:49,626] [WARNING] Invalid or missing SMILES for 
[2026-01-05 23:07:49,626] [WARNING] Skipping 730 due to invalid SMILES
[2026-01-05 23:07:49,633] [WARNING] Invalid or missing SMILES for 
[2026-01-05 23:07:49,634] [WARNING] Skipping 1269 due to invalid SMILES
[2026-01-05 23:07:49,640] [WARNING] Invalid or missing SMILES for 
[2026-01-05 23:07:49,640] [WARNING] Skipping 3702 due to invalid SMILES
[2026-01-05 23:07:49,646] [WARNING] Invalid or missing SMILES for 
[2026-01-05 23:07:49,646] [WARNING] Skipping 3722 due to invalid SMILES
[2026-01-05 23:07:49,691] [WARNING] Invalid or missing SMILES for 
[2026-01-05 23:07:49,694] [WARNING] Skipping 3724 due to invalid SMILES
[2026-01-05 23:07:49,704] [WARNING] Invalid or missing SMILES for 
[2026-01-05 23:07:49,704] [WARNING] Skipping 3725 due to invalid SMILES
[2026-01-05 23:07:49,710] [WARNING] Invalid or missing SMILES for 
[2026-01-05 23:07:49,711] [WARNING] Skipping 4213 due to invalid SMILES
[2026-01-05 23:07:49,718] [WARNING] Invalid or missing SMILES for 
[2026-01-05 23:07:49,719] [WARNING] Skipping 4216 due to invalid SMILES
[2026-01-05 23:07:49,726] [WARNING] Invalid or missing SMILES for 
[2026-01-05 23:07:49,726] [WARNING] Skipping 4219 due to invalid SMILES
[2026-01-05 23:07:49,732] [WARNING] Invalid or missing SMILES for 
[2026-01-05 23:07:49,733] [WARNING] Skipping 4521 due to invalid SMILES
[2026-01-05 23:07:49,738] [WARNING] Invalid or missing SMILES for 
[2026-01-05 23:07:49,738] [WARNING] Skipping 4564 due to invalid SMILES
[2026-01-05 23:07:49,745] [WARNING] Invalid or missing SMILES for 
[2026-01-05 23:07:49,746] [WARNING] Skipping 4891 due to invalid SMILES
[2026-01-05 23:14:03,768] [INFO] Loaded UniLectin metadata from cache
[2026-01-05 23:14:03,782] [WARNING] Invalid or missing SMILES for 
[2026-01-05 23:14:03,783] [WARNING] Skipping 721 due to invalid SMILES
[2026-01-05 23:14:03,791] [WARNING] Invalid or missing SMILES for 
[2026-01-05 23:14:03,792] [WARNING] Skipping 729 due to invalid SMILES
[2026-01-05 23:14:03,802] [WARNING] Invalid or missing SMILES for 
[2026-01-05 23:14:03,802] [WARNING] Skipping 730 due to invalid SMILES
[2026-01-05 23:14:03,818] [INFO] Pair 1013 (Siglec-7) → medium RFU 5000
[2026-01-05 23:14:03,837] [WARNING] Skipping 1048 due to invalid SMILES
[2026-01-05 23:14:03,853] [INFO] Pair 1068 (Siglec-7) → medium RFU 5000
[2026-01-05 23:14:03,869] [INFO] Pair 1268 (Siglec-5) → medium RFU 5000
[2026-01-05 23:14:03,882] [WARNING] Invalid or missing SMILES for 
[2026-01-05 23:14:03,882] [WARNING] Skipping 1269 due to invalid SMILES
[2026-01-05 23:14:03,899] [INFO] Pair 1270 (Siglec-5) → medium RFU 5000
[2026-01-05 23:14:03,909] [WARNING] Invalid or missing SMILES for 
[2026-01-05 23:14:03,910] [WARNING] Skipping 3702 due to invalid SMILES
[2026-01-05 23:14:03,926] [INFO] Pair 3703 (Siglec-8) → medium RFU 5000
[2026-01-05 23:14:03,938] [INFO] Pair 3720 (Siglec-3 CD33 ) → medium RFU 5000
[2026-01-05 23:14:03,951] [INFO] Pair 3721 (Siglec-3 CD33 ) → medium RFU 5000
[2026-01-05 23:14:03,997] [WARNING] Invalid or missing SMILES for 
[2026-01-05 23:14:03,998] [WARNING] Skipping 3722 due to invalid SMILES
[2026-01-05 23:14:04,022] [INFO] Pair 3723 (Siglec-like PILR) → medium RFU 5000
[2026-01-05 23:14:04,031] [WARNING] Invalid or missing SMILES for 
[2026-01-05 23:14:04,032] [WARNING] Skipping 3724 due to invalid SMILES
[2026-01-05 23:14:04,041] [WARNING] Invalid or missing SMILES for 
[2026-01-05 23:14:04,041] [WARNING] Skipping 3725 due to invalid SMILES
[2026-01-05 23:14:04,055] [WARNING] Skipping 3726 due to invalid SMILES
[2026-01-05 23:14:04,068] [INFO] Pair 3729 (Siglec-like PILR) → medium RFU 5000
[2026-01-05 23:14:04,079] [WARNING] Skipping 3730 due to invalid SMILES
[2026-01-05 23:14:04,089] [WARNING] Invalid or missing SMILES for 
[2026-01-05 23:14:04,090] [WARNING] Skipping 4213 due to invalid SMILES
[2026-01-05 23:14:04,103] [INFO] Pair 4214 (Siglec-3 CD33 ) → medium RFU 5000
[2026-01-05 23:14:04,115] [INFO] Pair 4215 (Siglec-3 CD33 ) → medium RFU 5000
[2026-01-05 23:14:04,124] [WARNING] Invalid or missing SMILES for 
[2026-01-05 23:14:04,124] [WARNING] Skipping 4216 due to invalid SMILES
[2026-01-05 23:14:04,138] [INFO] Pair 4217 (Siglec-3 CD33 ) → medium RFU 5000
[2026-01-05 23:14:04,152] [INFO] Pair 4218 (Siglec-2 CD22) → medium RFU 5000
[2026-01-05 23:14:04,161] [WARNING] Invalid or missing SMILES for 
[2026-01-05 23:14:04,161] [WARNING] Skipping 4219 due to invalid SMILES
[2026-01-05 23:14:04,174] [WARNING] Invalid or missing SMILES for 
[2026-01-05 23:14:04,175] [WARNING] Skipping 4521 due to invalid SMILES
[2026-01-05 23:14:04,191] [INFO] Pair 4522 (Siglec-8) → medium RFU 5000
[2026-01-05 23:14:04,203] [WARNING] Invalid or missing SMILES for 
[2026-01-05 23:14:04,203] [WARNING] Skipping 4564 due to invalid SMILES
[2026-01-05 23:14:04,214] [WARNING] Invalid or missing SMILES for 
[2026-01-05 23:14:04,214] [WARNING] Skipping 4891 due to invalid SMILES
[2026-01-05 23:14:04,229] [WARNING] Skipping 4892 due to invalid SMILES
[2026-01-05 23:17:56,190] [INFO] Loaded UniLectin metadata from cache
[2026-01-05 23:17:56,200] [WARNING] Invalid or missing SMILES for 
[2026-01-05 23:17:56,201] [WARNING] Skipping 721 due to invalid SMILES
[2026-01-05 23:17:56,209] [WARNING] Invalid or missing SMILES for 
[2026-01-05 23:17:56,210] [WARNING] Skipping 729 due to invalid SMILES
[2026-01-05 23:17:56,217] [WARNING] Invalid or missing SMILES for 
[2026-01-05 23:17:56,217] [WARNING] Skipping 730 due to invalid SMILES
[2026-01-05 23:17:56,223] [WARNING] Invalid or missing SMILES for 
[2026-01-05 23:17:56,224] [WARNING] Skipping 1269 due to invalid SMILES
[2026-01-05 23:17:56,231] [WARNING] Invalid or missing SMILES for 
[2026-01-05 23:17:56,231] [WARNING] Skipping 3702 due to invalid SMILES
[2026-01-05 23:17:56,238] [WARNING] Invalid or missing SMILES for 
[2026-01-05 23:17:56,238] [WARNING] Skipping 3722 due to invalid SMILES
[2026-01-05 23:17:56,245] [WARNING] Invalid or missing SMILES for 
[2026-01-05 23:17:56,246] [WARNING] Skipping 3724 due to invalid SMILES
[2026-01-05 23:17:56,254] [WARNING] Invalid or missing SMILES for 
[2026-01-05 23:17:56,254] [WARNING] Skipping 3725 due to invalid SMILES
[2026-01-05 23:17:56,261] [WARNING] Invalid or missing SMILES for 
[2026-01-05 23:17:56,261] [WARNING] Skipping 4213 due to invalid SMILES
[2026-01-05 23:17:56,268] [WARNING] Invalid or missing SMILES for 
[2026-01-05 23:17:56,268] [WARNING] Skipping 4216 due to invalid SMILES
[2026-01-05 23:17:56,276] [WARNING] Invalid or missing SMILES for 
[2026-01-05 23:17:56,277] [WARNING] Skipping 4219 due to invalid SMILES
[2026-01-05 23:17:56,285] [WARNING] Invalid or missing SMILES for 
[2026-01-05 23:17:56,285] [WARNING] Skipping 4521 due to invalid SMILES
[2026-01-05 23:17:56,292] [WARNING] Invalid or missing SMILES for 
[2026-01-05 23:17:56,292] [WARNING] Skipping 4564 due to invalid SMILES
[2026-01-05 23:17:56,299] [WARNING] Invalid or missing SMILES for 
[2026-01-05 23:17:56,299] [WARNING] Skipping 4891 due to invalid SMILES
[2026-01-05 23:18:32,897] [INFO] Loaded UniLectin metadata from cache
[2026-01-05 23:18:32,908] [WARNING] Invalid or missing SMILES for 
[2026-01-05 23:18:32,909] [WARNING] Skipping 721 due to invalid SMILES
[2026-01-05 23:18:32,917] [WARNING] Invalid or missing SMILES for 
[2026-01-05 23:18:32,918] [WARNING] Skipping 729 due to invalid SMILES
[2026-01-05 23:18:32,925] [WARNING] Invalid or missing SMILES for 
[2026-01-05 23:18:32,926] [WARNING] Skipping 730 due to invalid SMILES
[2026-01-05 23:18:32,933] [WARNING] Invalid or missing SMILES for 
[2026-01-05 23:18:32,933] [WARNING] Skipping 1269 due to invalid SMILES
[2026-01-05 23:18:32,941] [WARNING] Invalid or missing SMILES for 
[2026-01-05 23:18:32,941] [WARNING] Skipping 3702 due to invalid SMILES
[2026-01-05 23:18:32,947] [WARNING] Invalid or missing SMILES for 
[2026-01-05 23:18:32,948] [WARNING] Skipping 3722 due to invalid SMILES
[2026-01-05 23:18:32,954] [WARNING] Invalid or missing SMILES for 
[2026-01-05 23:18:32,954] [WARNING] Skipping 3724 due to invalid SMILES
[2026-01-05 23:18:32,961] [WARNING] Invalid or missing SMILES for 
[2026-01-05 23:18:32,962] [WARNING] Skipping 3725 due to invalid SMILES
[2026-01-05 23:18:32,969] [WARNING] Invalid or missing SMILES for 
[2026-01-05 23:18:32,969] [WARNING] Skipping 4213 due to invalid SMILES
[2026-01-05 23:18:32,975] [WARNING] Invalid or missing SMILES for 
[2026-01-05 23:18:32,975] [WARNING] Skipping 4216 due to invalid SMILES
[2026-01-05 23:18:32,984] [WARNING] Invalid or missing SMILES for 
[2026-01-05 23:18:32,984] [WARNING] Skipping 4219 due to invalid SMILES
[2026-01-05 23:18:32,991] [WARNING] Invalid or missing SMILES for 
[2026-01-05 23:18:32,992] [WARNING] Skipping 4521 due to invalid SMILES
[2026-01-05 23:18:33,001] [WARNING] Invalid or missing SMILES for 
[2026-01-05 23:18:33,001] [WARNING] Skipping 4564 due to invalid SMILES
[2026-01-05 23:18:33,009] [WARNING] Invalid or missing SMILES for 
[2026-01-05 23:18:33,009] [WARNING] Skipping 4891 due to invalid SMILES
[2026-01-05 23:25:02,111] [INFO] Loaded UniLectin metadata from cache
[2026-01-05 23:25:02,123] [WARNING] Invalid or missing SMILES for 
[2026-01-05 23:25:02,124] [WARNING] Skipping 721 due to invalid SMILES
[2026-01-05 23:25:02,134] [WARNING] Invalid or missing SMILES for 
[2026-01-05 23:25:02,134] [WARNING] Skipping 729 due to invalid SMILES
[2026-01-05 23:25:02,142] [WARNING] Invalid or missing SMILES for 
[2026-01-05 23:25:02,143] [WARNING] Skipping 730 due to invalid SMILES
[2026-01-05 23:25:02,152] [INFO] Pair 1013 (Siglec-7) → medium RFU 5000
[2026-01-05 23:25:02,164] [INFO] Pair 1048 (Siglec-7) → medium RFU 5000
[2026-01-05 23:25:02,179] [INFO] Pair 1068 (Siglec-7) → medium RFU 5000
[2026-01-05 23:25:02,192] [INFO] Pair 1268 (Siglec-5) → medium RFU 5000
[2026-01-05 23:25:02,200] [WARNING] Invalid or missing SMILES for 
[2026-01-05 23:25:02,201] [WARNING] Skipping 1269 due to invalid SMILES
[2026-01-05 23:25:02,212] [INFO] Pair 1270 (Siglec-5) → medium RFU 5000
[2026-01-05 23:25:02,221] [WARNING] Invalid or missing SMILES for 
[2026-01-05 23:25:02,221] [WARNING] Skipping 3702 due to invalid SMILES
[2026-01-05 23:25:02,233] [INFO] Pair 3703 (Siglec-8) → medium RFU 5000
[2026-01-05 23:25:02,246] [INFO] Pair 3720 (Siglec-3 CD33 ) → medium RFU 5000
[2026-01-05 23:25:02,259] [INFO] Pair 3721 (Siglec-3 CD33 ) → medium RFU 5000
[2026-01-05 23:25:02,268] [WARNING] Invalid or missing SMILES for 
[2026-01-05 23:25:02,268] [WARNING] Skipping 3722 due to invalid SMILES
[2026-01-05 23:25:02,282] [INFO] Pair 3723 (Siglec-like PILR) → medium RFU 5000
[2026-01-05 23:25:02,289] [WARNING] Invalid or missing SMILES for 
[2026-01-05 23:25:02,290] [WARNING] Skipping 3724 due to invalid SMILES
[2026-01-05 23:25:02,298] [WARNING] Invalid or missing SMILES for 
[2026-01-05 23:25:02,299] [WARNING] Skipping 3725 due to invalid SMILES
[2026-01-05 23:25:02,346] [INFO] Pair 3726 (Siglec-like PILR) → medium RFU 5000
[2026-01-05 23:25:02,365] [INFO] Pair 3729 (Siglec-like PILR) → medium RFU 5000
[2026-01-05 23:25:02,378] [INFO] Pair 3730 (Siglec-like PILR) → medium RFU 5000
[2026-01-05 23:25:02,389] [WARNING] Invalid or missing SMILES for 
[2026-01-05 23:25:02,389] [WARNING] Skipping 4213 due to invalid SMILES
[2026-01-05 23:25:02,400] [INFO] Pair 4214 (Siglec-3 CD33 ) → medium RFU 5000
[2026-01-05 23:25:02,411] [INFO] Pair 4215 (Siglec-3 CD33 ) → medium RFU 5000
[2026-01-05 23:25:02,418] [WARNING] Invalid or missing SMILES for 
[2026-01-05 23:25:02,419] [WARNING] Skipping 4216 due to invalid SMILES
[2026-01-05 23:25:02,427] [INFO] Pair 4217 (Siglec-3 CD33 ) → medium RFU 5000
[2026-01-05 23:25:02,438] [INFO] Pair 4218 (Siglec-2 CD22) → medium RFU 5000
[2026-01-05 23:25:02,446] [WARNING] Invalid or missing SMILES for 
[2026-01-05 23:25:02,446] [WARNING] Skipping 4219 due to invalid SMILES
[2026-01-05 23:25:02,453] [WARNING] Invalid or missing SMILES for 
[2026-01-05 23:25:02,453] [WARNING] Skipping 4521 due to invalid SMILES
[2026-01-05 23:25:02,463] [INFO] Pair 4522 (Siglec-8) → medium RFU 5000
[2026-01-05 23:25:02,471] [WARNING] Invalid or missing SMILES for 
[2026-01-05 23:25:02,472] [WARNING] Skipping 4564 due to invalid SMILES
[2026-01-05 23:25:02,479] [WARNING] Invalid or missing SMILES for 
[2026-01-05 23:25:02,479] [WARNING] Skipping 4891 due to invalid SMILES
[2026-01-05 23:25:02,489] [INFO] Pair 4892 (Siglec-2 CD22) → medium RFU 5000
